<?xml version="1.0" encoding="UTF-8"?>
<testsuite xmlns:xsi="http://www.w3.org/2001/XMLSchema-instance" xsi:noNamespaceSchemaLocation="https://maven.apache.org/surefire/maven-surefire-plugin/xsd/surefire-test-report-3.0.xsd" version="3.0" name="TestRunner" time="6.89" tests="1" errors="0" skipped="0" failures="1">
  <properties>
    <property name="java.specification.version" value="21"/>
    <property name="sun.cpu.isalist" value="amd64"/>
    <property name="sun.jnu.encoding" value="Cp1252"/>
    <property name="java.class.path" value="C:\Training_Data\Topic_Wise\SDET\SDET 12th June 2024\Demos\FakeApiAutomationUsingKarateJunit5\target\test-classes;C:\Training_Data\Topic_Wise\SDET\SDET 12th June 2024\Demos\FakeApiAutomationUsingKarateJunit5\target\classes;C:\Users\satishd\.m2\repository\com\intuit\karate\karate-junit5\1.4.1\karate-junit5-1.4.1.jar;C:\Users\satishd\.m2\repository\com\intuit\karate\karate-core\1.4.1\karate-core-1.4.1.jar;C:\Users\satishd\.m2\repository\org\graalvm\js\js-scriptengine\22.3.3\js-scriptengine-22.3.3.jar;C:\Users\satishd\.m2\repository\org\graalvm\sdk\graal-sdk\22.3.3\graal-sdk-22.3.3.jar;C:\Users\satishd\.m2\repository\org\graalvm\js\js\22.3.3\js-22.3.3.jar;C:\Users\satishd\.m2\repository\org\graalvm\regex\regex\22.3.3\regex-22.3.3.jar;C:\Users\satishd\.m2\repository\org\graalvm\truffle\truffle-api\22.3.3\truffle-api-22.3.3.jar;C:\Users\satishd\.m2\repository\com\ibm\icu\icu4j\71.1\icu4j-71.1.jar;C:\Users\satishd\.m2\repository\org\thymeleaf\thymeleaf\3.1.2.RELEASE\thymeleaf-3.1.2.RELEASE.jar;C:\Users\satishd\.m2\repository\ognl\ognl\3.3.4\ognl-3.3.4.jar;C:\Users\satishd\.m2\repository\org\javassist\javassist\3.29.0-GA\javassist-3.29.0-GA.jar;C:\Users\satishd\.m2\repository\org\attoparser\attoparser\2.0.7.RELEASE\attoparser-2.0.7.RELEASE.jar;C:\Users\satishd\.m2\repository\org\unbescape\unbescape\1.1.6.RELEASE\unbescape-1.1.6.RELEASE.jar;C:\Users\satishd\.m2\repository\org\slf4j\slf4j-api\2.0.7\slf4j-api-2.0.7.jar;C:\Users\satishd\.m2\repository\com\linecorp\armeria\armeria\1.25.2\armeria-1.25.2.jar;C:\Users\satishd\.m2\repository\com\fasterxml\jackson\core\jackson-core\2.15.2\jackson-core-2.15.2.jar;C:\Users\satishd\.m2\repository\com\fasterxml\jackson\core\jackson-annotations\2.15.2\jackson-annotations-2.15.2.jar;C:\Users\satishd\.m2\repository\com\fasterxml\jackson\core\jackson-databind\2.15.2\jackson-databind-2.15.2.jar;C:\Users\satishd\.m2\repository\com\fasterxml\jackson\datatype\jackson-datatype-jdk8\2.15.2\jackson-datatype-jdk8-2.15.2.jar;C:\Users\satishd\.m2\repository\com\fasterxml\jackson\datatype\jackson-datatype-jsr310\2.15.2\jackson-datatype-jsr310-2.15.2.jar;C:\Users\satishd\.m2\repository\io\micrometer\micrometer-core\1.11.3\micrometer-core-1.11.3.jar;C:\Users\satishd\.m2\repository\io\micrometer\micrometer-commons\1.11.3\micrometer-commons-1.11.3.jar;C:\Users\satishd\.m2\repository\io\micrometer\micrometer-observation\1.11.3\micrometer-observation-1.11.3.jar;C:\Users\satishd\.m2\repository\org\hdrhistogram\HdrHistogram\2.1.12\HdrHistogram-2.1.12.jar;C:\Users\satishd\.m2\repository\org\latencyutils\LatencyUtils\2.0.3\LatencyUtils-2.0.3.jar;C:\Users\satishd\.m2\repository\io\netty\netty-transport\4.1.96.Final\netty-transport-4.1.96.Final.jar;C:\Users\satishd\.m2\repository\io\netty\netty-common\4.1.96.Final\netty-common-4.1.96.Final.jar;C:\Users\satishd\.m2\repository\io\netty\netty-buffer\4.1.96.Final\netty-buffer-4.1.96.Final.jar;C:\Users\satishd\.m2\repository\io\netty\netty-resolver\4.1.96.Final\netty-resolver-4.1.96.Final.jar;C:\Users\satishd\.m2\repository\io\netty\netty-codec-haproxy\4.1.96.Final\netty-codec-haproxy-4.1.96.Final.jar;C:\Users\satishd\.m2\repository\io\netty\netty-codec\4.1.96.Final\netty-codec-4.1.96.Final.jar;C:\Users\satishd\.m2\repository\io\netty\netty-codec-http2\4.1.96.Final\netty-codec-http2-4.1.96.Final.jar;C:\Users\satishd\.m2\repository\io\netty\netty-handler\4.1.96.Final\netty-handler-4.1.96.Final.jar;C:\Users\satishd\.m2\repository\io\netty\netty-codec-http\4.1.96.Final\netty-codec-http-4.1.96.Final.jar;C:\Users\satishd\.m2\repository\io\netty\netty-resolver-dns\4.1.96.Final\netty-resolver-dns-4.1.96.Final.jar;C:\Users\satishd\.m2\repository\io\netty\netty-codec-dns\4.1.96.Final\netty-codec-dns-4.1.96.Final.jar;C:\Users\satishd\.m2\repository\org\reactivestreams\reactive-streams\1.0.4\reactive-streams-1.0.4.jar;C:\Users\satishd\.m2\repository\com\google\code\findbugs\jsr305\3.0.2\jsr305-3.0.2.jar;C:\Users\satishd\.m2\repository\io\netty\netty-handler-proxy\4.1.96.Final\netty-handler-proxy-4.1.96.Final.jar;C:\Users\satishd\.m2\repository\io\netty\netty-codec-socks\4.1.96.Final\netty-codec-socks-4.1.96.Final.jar;C:\Users\satishd\.m2\repository\io\netty\netty-transport-native-unix-common\4.1.96.Final\netty-transport-native-unix-common-4.1.96.Final-linux-x86_64.jar;C:\Users\satishd\.m2\repository\io\netty\netty-transport-native-epoll\4.1.96.Final\netty-transport-native-epoll-4.1.96.Final-linux-x86_64.jar;C:\Users\satishd\.m2\repository\io\netty\netty-transport-native-unix-common\4.1.96.Final\netty-transport-native-unix-common-4.1.96.Final.jar;C:\Users\satishd\.m2\repository\io\netty\netty-transport-classes-epoll\4.1.96.Final\netty-transport-classes-epoll-4.1.96.Final.jar;C:\Users\satishd\.m2\repository\io\netty\netty-transport-native-unix-common\4.1.96.Final\netty-transport-native-unix-common-4.1.96.Final-linux-aarch_64.jar;C:\Users\satishd\.m2\repository\io\netty\netty-transport-native-epoll\4.1.96.Final\netty-transport-native-epoll-4.1.96.Final-linux-aarch_64.jar;C:\Users\satishd\.m2\repository\io\netty\netty-transport-native-unix-common\4.1.96.Final\netty-transport-native-unix-common-4.1.96.Final-osx-x86_64.jar;C:\Users\satishd\.m2\repository\io\netty\netty-transport-native-kqueue\4.1.96.Final\netty-transport-native-kqueue-4.1.96.Final-osx-x86_64.jar;C:\Users\satishd\.m2\repository\io\netty\netty-transport-classes-kqueue\4.1.96.Final\netty-transport-classes-kqueue-4.1.96.Final.jar;C:\Users\satishd\.m2\repository\io\netty\netty-resolver-dns-native-macos\4.1.96.Final\netty-resolver-dns-native-macos-4.1.96.Final-osx-x86_64.jar;C:\Users\satishd\.m2\repository\io\netty\netty-resolver-dns-classes-macos\4.1.96.Final\netty-resolver-dns-classes-macos-4.1.96.Final.jar;C:\Users\satishd\.m2\repository\io\netty\netty-transport-native-unix-common\4.1.96.Final\netty-transport-native-unix-common-4.1.96.Final-osx-aarch_64.jar;C:\Users\satishd\.m2\repository\io\netty\netty-transport-native-kqueue\4.1.96.Final\netty-transport-native-kqueue-4.1.96.Final-osx-aarch_64.jar;C:\Users\satishd\.m2\repository\io\netty\netty-resolver-dns-native-macos\4.1.96.Final\netty-resolver-dns-native-macos-4.1.96.Final-osx-aarch_64.jar;C:\Users\satishd\.m2\repository\io\netty\netty-tcnative-boringssl-static\2.0.61.Final\netty-tcnative-boringssl-static-2.0.61.Final-linux-x86_64.jar;C:\Users\satishd\.m2\repository\io\netty\netty-tcnative-classes\2.0.61.Final\netty-tcnative-classes-2.0.61.Final.jar;C:\Users\satishd\.m2\repository\io\netty\netty-tcnative-boringssl-static\2.0.61.Final\netty-tcnative-boringssl-static-2.0.61.Final-linux-aarch_64.jar;C:\Users\satishd\.m2\repository\io\netty\netty-tcnative-boringssl-static\2.0.61.Final\netty-tcnative-boringssl-static-2.0.61.Final-osx-x86_64.jar;C:\Users\satishd\.m2\repository\io\netty\netty-tcnative-boringssl-static\2.0.61.Final\netty-tcnative-boringssl-static-2.0.61.Final-osx-aarch_64.jar;C:\Users\satishd\.m2\repository\io\netty\netty-tcnative-boringssl-static\2.0.61.Final\netty-tcnative-boringssl-static-2.0.61.Final-windows-x86_64.jar;C:\Users\satishd\.m2\repository\com\aayushatharva\brotli4j\brotli4j\1.12.0\brotli4j-1.12.0.jar;C:\Users\satishd\.m2\repository\com\aayushatharva\brotli4j\service\1.12.0\service-1.12.0.jar;C:\Users\satishd\.m2\repository\com\aayushatharva\brotli4j\native-windows-x86_64\1.12.0\native-windows-x86_64-1.12.0.jar;C:\Users\satishd\.m2\repository\org\apache\httpcomponents\httpclient\4.5.14\httpclient-4.5.14.jar;C:\Users\satishd\.m2\repository\org\apache\httpcomponents\httpcore\4.4.16\httpcore-4.4.16.jar;C:\Users\satishd\.m2\repository\commons-codec\commons-codec\1.16.0\commons-codec-1.16.0.jar;C:\Users\satishd\.m2\repository\ch\qos\logback\logback-classic\1.4.11\logback-classic-1.4.11.jar;C:\Users\satishd\.m2\repository\ch\qos\logback\logback-core\1.4.11\logback-core-1.4.11.jar;C:\Users\satishd\.m2\repository\org\slf4j\jcl-over-slf4j\2.0.9\jcl-over-slf4j-2.0.9.jar;C:\Users\satishd\.m2\repository\org\antlr\antlr4-runtime\4.11.1\antlr4-runtime-4.11.1.jar;C:\Users\satishd\.m2\repository\com\jayway\jsonpath\json-path\2.8.0\json-path-2.8.0.jar;C:\Users\satishd\.m2\repository\net\minidev\json-smart\2.4.10\json-smart-2.4.10.jar;C:\Users\satishd\.m2\repository\net\minidev\accessors-smart\2.4.9\accessors-smart-2.4.9.jar;C:\Users\satishd\.m2\repository\org\ow2\asm\asm\9.3\asm-9.3.jar;C:\Users\satishd\.m2\repository\de\siegmar\fastcsv\2.2.1\fastcsv-2.2.1.jar;C:\Users\satishd\.m2\repository\info\picocli\picocli\4.7.1\picocli-4.7.1.jar;C:\Users\satishd\.m2\repository\io\github\classgraph\classgraph\4.8.160\classgraph-4.8.160.jar;C:\Users\satishd\.m2\repository\io\github\t12y\resemble\1.0.2\resemble-1.0.2.jar;C:\Users\satishd\.m2\repository\io\github\t12y\ssim\1.0.0\ssim-1.0.0.jar;C:\Users\satishd\.m2\repository\org\junit\jupiter\junit-jupiter-api\5.9.3\junit-jupiter-api-5.9.3.jar;C:\Users\satishd\.m2\repository\org\opentest4j\opentest4j\1.2.0\opentest4j-1.2.0.jar;C:\Users\satishd\.m2\repository\org\junit\platform\junit-platform-commons\1.9.3\junit-platform-commons-1.9.3.jar;C:\Users\satishd\.m2\repository\org\apiguardian\apiguardian-api\1.1.2\apiguardian-api-1.1.2.jar;C:\Users\satishd\.m2\repository\org\junit\jupiter\junit-jupiter-engine\5.9.3\junit-jupiter-engine-5.9.3.jar;C:\Users\satishd\.m2\repository\org\junit\platform\junit-platform-engine\1.9.3\junit-platform-engine-1.9.3.jar;C:\Users\satishd\.m2\repository\net\datafaker\datafaker\1.9.0\datafaker-1.9.0.jar;C:\Users\satishd\.m2\repository\org\yaml\snakeyaml\2.0\snakeyaml-2.0.jar;C:\Users\satishd\.m2\repository\com\github\mifmif\generex\1.0.2\generex-1.0.2.jar;C:\Users\satishd\.m2\repository\dk\brics\automaton\automaton\1.11-8\automaton-1.11-8.jar;"/>
    <property name="java.vm.vendor" value="Eclipse Adoptium"/>
    <property name="sun.arch.data.model" value="64"/>
    <property name="user.variant" value=""/>
    <property name="java.vendor.url" value="https://adoptium.net/"/>
    <property name="user.timezone" value="Asia/Calcutta"/>
    <property name="os.name" value="Windows 10"/>
    <property name="java.vm.specification.version" value="21"/>
    <property name="sun.java.launcher" value="SUN_STANDARD"/>
    <property name="user.country" value="IN"/>
    <property name="sun.boot.library.path" value="C:\Training_Data\Softwares\sts-4.23.1.RELEASE\plugins\org.eclipse.justj.openjdk.hotspot.jre.full.win32.x86_64_21.0.3.v20240426-1530\jre\bin"/>
    <property name="sun.java.command" value="C:\Users\satishd\AppData\Local\Temp\surefire10937450234347955292\surefirebooter-20241218112950361_3.jar C:\Users\satishd\AppData\Local\Temp\surefire10937450234347955292 2024-12-18T11-29-50_076-jvmRun1 surefire-20241218112950361_1tmp surefire_0-20241218112950361_2tmp"/>
    <property name="jdk.debug" value="release"/>
    <property name="surefire.test.class.path" value="C:\Training_Data\Topic_Wise\SDET\SDET 12th June 2024\Demos\FakeApiAutomationUsingKarateJunit5\target\test-classes;C:\Training_Data\Topic_Wise\SDET\SDET 12th June 2024\Demos\FakeApiAutomationUsingKarateJunit5\target\classes;C:\Users\satishd\.m2\repository\com\intuit\karate\karate-junit5\1.4.1\karate-junit5-1.4.1.jar;C:\Users\satishd\.m2\repository\com\intuit\karate\karate-core\1.4.1\karate-core-1.4.1.jar;C:\Users\satishd\.m2\repository\org\graalvm\js\js-scriptengine\22.3.3\js-scriptengine-22.3.3.jar;C:\Users\satishd\.m2\repository\org\graalvm\sdk\graal-sdk\22.3.3\graal-sdk-22.3.3.jar;C:\Users\satishd\.m2\repository\org\graalvm\js\js\22.3.3\js-22.3.3.jar;C:\Users\satishd\.m2\repository\org\graalvm\regex\regex\22.3.3\regex-22.3.3.jar;C:\Users\satishd\.m2\repository\org\graalvm\truffle\truffle-api\22.3.3\truffle-api-22.3.3.jar;C:\Users\satishd\.m2\repository\com\ibm\icu\icu4j\71.1\icu4j-71.1.jar;C:\Users\satishd\.m2\repository\org\thymeleaf\thymeleaf\3.1.2.RELEASE\thymeleaf-3.1.2.RELEASE.jar;C:\Users\satishd\.m2\repository\ognl\ognl\3.3.4\ognl-3.3.4.jar;C:\Users\satishd\.m2\repository\org\javassist\javassist\3.29.0-GA\javassist-3.29.0-GA.jar;C:\Users\satishd\.m2\repository\org\attoparser\attoparser\2.0.7.RELEASE\attoparser-2.0.7.RELEASE.jar;C:\Users\satishd\.m2\repository\org\unbescape\unbescape\1.1.6.RELEASE\unbescape-1.1.6.RELEASE.jar;C:\Users\satishd\.m2\repository\org\slf4j\slf4j-api\2.0.7\slf4j-api-2.0.7.jar;C:\Users\satishd\.m2\repository\com\linecorp\armeria\armeria\1.25.2\armeria-1.25.2.jar;C:\Users\satishd\.m2\repository\com\fasterxml\jackson\core\jackson-core\2.15.2\jackson-core-2.15.2.jar;C:\Users\satishd\.m2\repository\com\fasterxml\jackson\core\jackson-annotations\2.15.2\jackson-annotations-2.15.2.jar;C:\Users\satishd\.m2\repository\com\fasterxml\jackson\core\jackson-databind\2.15.2\jackson-databind-2.15.2.jar;C:\Users\satishd\.m2\repository\com\fasterxml\jackson\datatype\jackson-datatype-jdk8\2.15.2\jackson-datatype-jdk8-2.15.2.jar;C:\Users\satishd\.m2\repository\com\fasterxml\jackson\datatype\jackson-datatype-jsr310\2.15.2\jackson-datatype-jsr310-2.15.2.jar;C:\Users\satishd\.m2\repository\io\micrometer\micrometer-core\1.11.3\micrometer-core-1.11.3.jar;C:\Users\satishd\.m2\repository\io\micrometer\micrometer-commons\1.11.3\micrometer-commons-1.11.3.jar;C:\Users\satishd\.m2\repository\io\micrometer\micrometer-observation\1.11.3\micrometer-observation-1.11.3.jar;C:\Users\satishd\.m2\repository\org\hdrhistogram\HdrHistogram\2.1.12\HdrHistogram-2.1.12.jar;C:\Users\satishd\.m2\repository\org\latencyutils\LatencyUtils\2.0.3\LatencyUtils-2.0.3.jar;C:\Users\satishd\.m2\repository\io\netty\netty-transport\4.1.96.Final\netty-transport-4.1.96.Final.jar;C:\Users\satishd\.m2\repository\io\netty\netty-common\4.1.96.Final\netty-common-4.1.96.Final.jar;C:\Users\satishd\.m2\repository\io\netty\netty-buffer\4.1.96.Final\netty-buffer-4.1.96.Final.jar;C:\Users\satishd\.m2\repository\io\netty\netty-resolver\4.1.96.Final\netty-resolver-4.1.96.Final.jar;C:\Users\satishd\.m2\repository\io\netty\netty-codec-haproxy\4.1.96.Final\netty-codec-haproxy-4.1.96.Final.jar;C:\Users\satishd\.m2\repository\io\netty\netty-codec\4.1.96.Final\netty-codec-4.1.96.Final.jar;C:\Users\satishd\.m2\repository\io\netty\netty-codec-http2\4.1.96.Final\netty-codec-http2-4.1.96.Final.jar;C:\Users\satishd\.m2\repository\io\netty\netty-handler\4.1.96.Final\netty-handler-4.1.96.Final.jar;C:\Users\satishd\.m2\repository\io\netty\netty-codec-http\4.1.96.Final\netty-codec-http-4.1.96.Final.jar;C:\Users\satishd\.m2\repository\io\netty\netty-resolver-dns\4.1.96.Final\netty-resolver-dns-4.1.96.Final.jar;C:\Users\satishd\.m2\repository\io\netty\netty-codec-dns\4.1.96.Final\netty-codec-dns-4.1.96.Final.jar;C:\Users\satishd\.m2\repository\org\reactivestreams\reactive-streams\1.0.4\reactive-streams-1.0.4.jar;C:\Users\satishd\.m2\repository\com\google\code\findbugs\jsr305\3.0.2\jsr305-3.0.2.jar;C:\Users\satishd\.m2\repository\io\netty\netty-handler-proxy\4.1.96.Final\netty-handler-proxy-4.1.96.Final.jar;C:\Users\satishd\.m2\repository\io\netty\netty-codec-socks\4.1.96.Final\netty-codec-socks-4.1.96.Final.jar;C:\Users\satishd\.m2\repository\io\netty\netty-transport-native-unix-common\4.1.96.Final\netty-transport-native-unix-common-4.1.96.Final-linux-x86_64.jar;C:\Users\satishd\.m2\repository\io\netty\netty-transport-native-epoll\4.1.96.Final\netty-transport-native-epoll-4.1.96.Final-linux-x86_64.jar;C:\Users\satishd\.m2\repository\io\netty\netty-transport-native-unix-common\4.1.96.Final\netty-transport-native-unix-common-4.1.96.Final.jar;C:\Users\satishd\.m2\repository\io\netty\netty-transport-classes-epoll\4.1.96.Final\netty-transport-classes-epoll-4.1.96.Final.jar;C:\Users\satishd\.m2\repository\io\netty\netty-transport-native-unix-common\4.1.96.Final\netty-transport-native-unix-common-4.1.96.Final-linux-aarch_64.jar;C:\Users\satishd\.m2\repository\io\netty\netty-transport-native-epoll\4.1.96.Final\netty-transport-native-epoll-4.1.96.Final-linux-aarch_64.jar;C:\Users\satishd\.m2\repository\io\netty\netty-transport-native-unix-common\4.1.96.Final\netty-transport-native-unix-common-4.1.96.Final-osx-x86_64.jar;C:\Users\satishd\.m2\repository\io\netty\netty-transport-native-kqueue\4.1.96.Final\netty-transport-native-kqueue-4.1.96.Final-osx-x86_64.jar;C:\Users\satishd\.m2\repository\io\netty\netty-transport-classes-kqueue\4.1.96.Final\netty-transport-classes-kqueue-4.1.96.Final.jar;C:\Users\satishd\.m2\repository\io\netty\netty-resolver-dns-native-macos\4.1.96.Final\netty-resolver-dns-native-macos-4.1.96.Final-osx-x86_64.jar;C:\Users\satishd\.m2\repository\io\netty\netty-resolver-dns-classes-macos\4.1.96.Final\netty-resolver-dns-classes-macos-4.1.96.Final.jar;C:\Users\satishd\.m2\repository\io\netty\netty-transport-native-unix-common\4.1.96.Final\netty-transport-native-unix-common-4.1.96.Final-osx-aarch_64.jar;C:\Users\satishd\.m2\repository\io\netty\netty-transport-native-kqueue\4.1.96.Final\netty-transport-native-kqueue-4.1.96.Final-osx-aarch_64.jar;C:\Users\satishd\.m2\repository\io\netty\netty-resolver-dns-native-macos\4.1.96.Final\netty-resolver-dns-native-macos-4.1.96.Final-osx-aarch_64.jar;C:\Users\satishd\.m2\repository\io\netty\netty-tcnative-boringssl-static\2.0.61.Final\netty-tcnative-boringssl-static-2.0.61.Final-linux-x86_64.jar;C:\Users\satishd\.m2\repository\io\netty\netty-tcnative-classes\2.0.61.Final\netty-tcnative-classes-2.0.61.Final.jar;C:\Users\satishd\.m2\repository\io\netty\netty-tcnative-boringssl-static\2.0.61.Final\netty-tcnative-boringssl-static-2.0.61.Final-linux-aarch_64.jar;C:\Users\satishd\.m2\repository\io\netty\netty-tcnative-boringssl-static\2.0.61.Final\netty-tcnative-boringssl-static-2.0.61.Final-osx-x86_64.jar;C:\Users\satishd\.m2\repository\io\netty\netty-tcnative-boringssl-static\2.0.61.Final\netty-tcnative-boringssl-static-2.0.61.Final-osx-aarch_64.jar;C:\Users\satishd\.m2\repository\io\netty\netty-tcnative-boringssl-static\2.0.61.Final\netty-tcnative-boringssl-static-2.0.61.Final-windows-x86_64.jar;C:\Users\satishd\.m2\repository\com\aayushatharva\brotli4j\brotli4j\1.12.0\brotli4j-1.12.0.jar;C:\Users\satishd\.m2\repository\com\aayushatharva\brotli4j\service\1.12.0\service-1.12.0.jar;C:\Users\satishd\.m2\repository\com\aayushatharva\brotli4j\native-windows-x86_64\1.12.0\native-windows-x86_64-1.12.0.jar;C:\Users\satishd\.m2\repository\org\apache\httpcomponents\httpclient\4.5.14\httpclient-4.5.14.jar;C:\Users\satishd\.m2\repository\org\apache\httpcomponents\httpcore\4.4.16\httpcore-4.4.16.jar;C:\Users\satishd\.m2\repository\commons-codec\commons-codec\1.16.0\commons-codec-1.16.0.jar;C:\Users\satishd\.m2\repository\ch\qos\logback\logback-classic\1.4.11\logback-classic-1.4.11.jar;C:\Users\satishd\.m2\repository\ch\qos\logback\logback-core\1.4.11\logback-core-1.4.11.jar;C:\Users\satishd\.m2\repository\org\slf4j\jcl-over-slf4j\2.0.9\jcl-over-slf4j-2.0.9.jar;C:\Users\satishd\.m2\repository\org\antlr\antlr4-runtime\4.11.1\antlr4-runtime-4.11.1.jar;C:\Users\satishd\.m2\repository\com\jayway\jsonpath\json-path\2.8.0\json-path-2.8.0.jar;C:\Users\satishd\.m2\repository\net\minidev\json-smart\2.4.10\json-smart-2.4.10.jar;C:\Users\satishd\.m2\repository\net\minidev\accessors-smart\2.4.9\accessors-smart-2.4.9.jar;C:\Users\satishd\.m2\repository\org\ow2\asm\asm\9.3\asm-9.3.jar;C:\Users\satishd\.m2\repository\de\siegmar\fastcsv\2.2.1\fastcsv-2.2.1.jar;C:\Users\satishd\.m2\repository\info\picocli\picocli\4.7.1\picocli-4.7.1.jar;C:\Users\satishd\.m2\repository\io\github\classgraph\classgraph\4.8.160\classgraph-4.8.160.jar;C:\Users\satishd\.m2\repository\io\github\t12y\resemble\1.0.2\resemble-1.0.2.jar;C:\Users\satishd\.m2\repository\io\github\t12y\ssim\1.0.0\ssim-1.0.0.jar;C:\Users\satishd\.m2\repository\org\junit\jupiter\junit-jupiter-api\5.9.3\junit-jupiter-api-5.9.3.jar;C:\Users\satishd\.m2\repository\org\opentest4j\opentest4j\1.2.0\opentest4j-1.2.0.jar;C:\Users\satishd\.m2\repository\org\junit\platform\junit-platform-commons\1.9.3\junit-platform-commons-1.9.3.jar;C:\Users\satishd\.m2\repository\org\apiguardian\apiguardian-api\1.1.2\apiguardian-api-1.1.2.jar;C:\Users\satishd\.m2\repository\org\junit\jupiter\junit-jupiter-engine\5.9.3\junit-jupiter-engine-5.9.3.jar;C:\Users\satishd\.m2\repository\org\junit\platform\junit-platform-engine\1.9.3\junit-platform-engine-1.9.3.jar;C:\Users\satishd\.m2\repository\net\datafaker\datafaker\1.9.0\datafaker-1.9.0.jar;C:\Users\satishd\.m2\repository\org\yaml\snakeyaml\2.0\snakeyaml-2.0.jar;C:\Users\satishd\.m2\repository\com\github\mifmif\generex\1.0.2\generex-1.0.2.jar;C:\Users\satishd\.m2\repository\dk\brics\automaton\automaton\1.11-8\automaton-1.11-8.jar;"/>
    <property name="sun.cpu.endian" value="little"/>
    <property name="user.home" value="C:\Users\satishd"/>
    <property name="user.language" value="en"/>
    <property name="java.specification.vendor" value="Oracle Corporation"/>
    <property name="java.version.date" value="2024-04-16"/>
    <property name="java.home" value="C:\Training_Data\Softwares\sts-4.23.1.RELEASE\plugins\org.eclipse.justj.openjdk.hotspot.jre.full.win32.x86_64_21.0.3.v20240426-1530\jre"/>
    <property name="file.separator" value="\"/>
    <property name="basedir" value="C:\Training_Data\Topic_Wise\SDET\SDET 12th June 2024\Demos\FakeApiAutomationUsingKarateJunit5"/>
    <property name="style.color" value="always"/>
    <property name="java.vm.compressedOopsMode" value="Zero based"/>
    <property name="line.separator" value="&#10;"/>
    <property name="java.vm.specification.vendor" value="Oracle Corporation"/>
    <property name="java.specification.name" value="Java Platform API Specification"/>
    <property name="surefire.real.class.path" value="C:\Users\satishd\AppData\Local\Temp\surefire10937450234347955292\surefirebooter-20241218112950361_3.jar"/>
    <property name="user.script" value=""/>
    <property name="sun.management.compiler" value="HotSpot 64-Bit Tiered Compilers"/>
    <property name="java.runtime.version" value="21.0.3+9-LTS"/>
    <property name="user.name" value="satishd"/>
    <property name="stdout.encoding" value="Cp1252"/>
    <property name="path.separator" value=";"/>
    <property name="os.version" value="10.0"/>
    <property name="java.runtime.name" value="OpenJDK Runtime Environment"/>
    <property name="file.encoding" value="UTF-8"/>
    <property name="java.vm.name" value="OpenJDK 64-Bit Server VM"/>
    <property name="java.vendor.version" value="Temurin-21.0.3+9"/>
    <property name="localRepository" value="C:\Users\satishd\.m2\repository"/>
    <property name="java.vendor.url.bug" value="https://github.com/adoptium/adoptium-support/issues"/>
    <property name="java.io.tmpdir" value="C:\Users\satishd\AppData\Local\Temp\"/>
    <property name="java.version" value="21.0.3"/>
    <property name="user.dir" value="C:\Training_Data\Topic_Wise\SDET\SDET 12th June 2024\Demos\FakeApiAutomationUsingKarateJunit5"/>
    <property name="os.arch" value="amd64"/>
    <property name="java.vm.specification.name" value="Java Virtual Machine Specification"/>
    <property name="sun.os.patch.level" value=""/>
    <property name="native.encoding" value="Cp1252"/>
    <property name="java.library.path" value="C:\Training_Data\Softwares\sts-4.23.1.RELEASE\plugins\org.eclipse.justj.openjdk.hotspot.jre.full.win32.x86_64_21.0.3.v20240426-1530\jre\bin;C:\Windows\Sun\Java\bin;C:\Windows\system32;C:\Windows;C:/Training_Data/Softwares/sts-4.23.1.RELEASE//plugins/org.eclipse.justj.openjdk.hotspot.jre.full.win32.x86_64_21.0.3.v20240426-1530/jre/bin/server;C:/Training_Data/Softwares/sts-4.23.1.RELEASE//plugins/org.eclipse.justj.openjdk.hotspot.jre.full.win32.x86_64_21.0.3.v20240426-1530/jre/bin;C:\Program Files\Common Files\Oracle\Java\javapath;C:\Program Files (x86)\Common Files\Oracle\Java\javapath;C:\Windows\system32;C:\Windows;C:\Windows\System32\Wbem;C:\Windows\System32\WindowsPowerShell\v1.0\;C:\Windows\System32\OpenSSH\;C:\Softwares\DevOps\jdk-21.0.2\bin;C:\Users\satishd\AppData\Local\Programs\Python\Python312\Scripts\;C:\Users\satishd\AppData\Local\Programs\Python\Python312\;C:\Users\satishd\AppData\Local\Programs\Python\Launcher\;C:\Users\satishd\AppData\Local\Microsoft\WindowsApps;C:\Satish_Training_Data\Softwares\PortableGit\bin;C:\Softwares\node-v22.6.0-win-x64;;C:\Training_Data\Softwares\sts-4.23.1.RELEASE;;."/>
    <property name="java.vm.info" value="mixed mode"/>
    <property name="stderr.encoding" value="Cp1252"/>
    <property name="java.vendor" value="Eclipse Adoptium"/>
    <property name="java.vm.version" value="21.0.3+9-LTS"/>
    <property name="sun.io.unicode.encoding" value="UnicodeLittle"/>
    <property name="java.class.version" value="65.0"/>
  </properties>
  <testcase name="[2:12] Get specific airline details base on id" classname="Apis/airlines/Airlines_Get" time="3.21">
    <failure message="&gt;&gt; classpath:Apis/airlines/Airlines_Get.feature:12&#10;&gt;&gt; karate-config.js failed&#10;&gt;&gt; status code was: 400, expected: 200, response time in milliseconds: 1244, url: https://dev-457931.okta.com/oauth2/aushd4c95QtFHsfWt4x6/v1/token, response: &#10;{&quot;error&quot;:&quot;invalid_grant&quot;,&quot;error_description&quot;:&quot;The credentials provided were invalid.&quot;}&#10;classpath:Authentication/Authentication.feature:13&#10;js failed:&#10;&gt;&gt;&gt;&gt;&#10;01: function fn() {&#10;02: 	var env = karate.env; // get system property &apos;karate.env&apos;&#10;03: 	karate.log(&apos;karate.env system property was:&apos;, env);&#10;04: 	if (!env) {&#10;05: 		env = &apos;dev&apos;;&#10;06: 	}&#10;07: 	var config = {&#10;08: 		env: env,&#10;09: 		&#10;10: 		AUTHURI: &apos;https://dev-457931.okta.com/oauth2/aushd4c95QtFHsfWt4x6/v1/token&apos;,&#10;11: 		nonSecureBaseURL: &apos;https://api.instantwebtools.net/v1&apos;,&#10;12: 		secureBaseURL: &apos;https://api.instantwebtools.net/v2&apos;,&#10;13: 		SCOPE: &apos;offline_access&apos;,&#10;14: 		GRANT_TYPE: &apos;password&apos;,&#10;15: 		USER_NAME: &apos;api-user4@iwt.net&apos;,&#10;16: 		PASSWORD: &apos;b3z0nV0cLO&apos;,&#10;17: 		CLIENT_ID: &apos;0oahdhjkutaGcIK2M4x6&apos;,&#10;18: 	}&#10;19: &#10;20: 	var result = karate.callSingle(&apos;classpath:Authentication/Authentication.feature&apos;,config);&#10;21: 	&#10;22: 	&#10;23: 	config.authInfo = { &#10;24: 		authTime: result.time, authToken: result.access_token &#10;25: 	};   &#10;26: 	  &#10;27: 	console.log(config.authInfo.authToken);&#10;28: 	karate.log(config.authInfo.authToken);&#10;29: 	if (env == &apos;dev&apos;) {&#10;30: 	} else if (env == &apos;production&apos;) {&#10;31: 		&#10;32: 	}&#10;33: 	return config;&#10;34: }&#10;&lt;&lt;&lt;&lt;&#10;org.graalvm.polyglot.PolyglotException: status code was: 400, expected: 200, response time in milliseconds: 1244, url: https://dev-457931.okta.com/oauth2/aushd4c95QtFHsfWt4x6/v1/token, response: &#10;{&quot;error&quot;:&quot;invalid_grant&quot;,&quot;error_description&quot;:&quot;The credentials provided were invalid.&quot;}&#10;classpath:Authentication/Authentication.feature:13&#10;- com.intuit.karate.core.ScenarioBridge.callSingle(ScenarioBridge.java:241)&#10;- &lt;js&gt;.fn(Unnamed:20)&#10;&#10;classpath:Apis/airlines/Airlines_Get.feature:13&#10;classpath:Apis/airlines/Airlines_Get.feature:14&#10;classpath:Apis/airlines/Airlines_Get.feature:15&#10;classpath:Apis/airlines/Airlines_Get.feature:16&#10;classpath:Apis/airlines/Airlines_Get.feature:17&#10;classpath:Apis/airlines/Airlines_Get.feature:23" type="org.opentest4j.AssertionFailedError"><![CDATA[org.opentest4j.AssertionFailedError: 
>> classpath:Apis/airlines/Airlines_Get.feature:12
>> karate-config.js failed
>> status code was: 400, expected: 200, response time in milliseconds: 1244, url: https://dev-457931.okta.com/oauth2/aushd4c95QtFHsfWt4x6/v1/token, response: 
{"error":"invalid_grant","error_description":"The credentials provided were invalid."}
classpath:Authentication/Authentication.feature:13
js failed:
>>>>
01: function fn() {
02: 	var env = karate.env; // get system property 'karate.env'
03: 	karate.log('karate.env system property was:', env);
04: 	if (!env) {
05: 		env = 'dev';
06: 	}
07: 	var config = {
08: 		env: env,
09: 		
10: 		AUTHURI: 'https://dev-457931.okta.com/oauth2/aushd4c95QtFHsfWt4x6/v1/token',
11: 		nonSecureBaseURL: 'https://api.instantwebtools.net/v1',
12: 		secureBaseURL: 'https://api.instantwebtools.net/v2',
13: 		SCOPE: 'offline_access',
14: 		GRANT_TYPE: 'password',
15: 		USER_NAME: 'api-user4@iwt.net',
16: 		PASSWORD: 'b3z0nV0cLO',
17: 		CLIENT_ID: '0oahdhjkutaGcIK2M4x6',
18: 	}
19: 
20: 	var result = karate.callSingle('classpath:Authentication/Authentication.feature',config);
21: 	
22: 	
23: 	config.authInfo = { 
24: 		authTime: result.time, authToken: result.access_token 
25: 	};   
26: 	  
27: 	console.log(config.authInfo.authToken);
28: 	karate.log(config.authInfo.authToken);
29: 	if (env == 'dev') {
30: 	} else if (env == 'production') {
31: 		
32: 	}
33: 	return config;
34: }
<<<<
org.graalvm.polyglot.PolyglotException: status code was: 400, expected: 200, response time in milliseconds: 1244, url: https://dev-457931.okta.com/oauth2/aushd4c95QtFHsfWt4x6/v1/token, response: 
{"error":"invalid_grant","error_description":"The credentials provided were invalid."}
classpath:Authentication/Authentication.feature:13
- com.intuit.karate.core.ScenarioBridge.callSingle(ScenarioBridge.java:241)
- <js>.fn(Unnamed:20)

classpath:Apis/airlines/Airlines_Get.feature:13
classpath:Apis/airlines/Airlines_Get.feature:14
classpath:Apis/airlines/Airlines_Get.feature:15
classpath:Apis/airlines/Airlines_Get.feature:16
classpath:Apis/airlines/Airlines_Get.feature:17
classpath:Apis/airlines/Airlines_Get.feature:23
	at org.junit.jupiter.api.AssertionUtils.fail(AssertionUtils.java:38)
	at org.junit.jupiter.api.Assertions.fail(Assertions.java:135)
	at com.intuit.karate.junit5.FeatureNode.lambda$next$1(FeatureNode.java:86)
	at org.junit.jupiter.engine.descriptor.DynamicTestTestDescriptor.lambda$execute$0(DynamicTestTestDescriptor.java:53)
	at org.junit.jupiter.engine.execution.InvocationInterceptorChain$ValidatingInvocation.proceed(InvocationInterceptorChain.java:131)
	at org.junit.jupiter.api.extension.InvocationInterceptor.interceptDynamicTest(InvocationInterceptor.java:167)
	at org.junit.jupiter.api.extension.InvocationInterceptor.interceptDynamicTest(InvocationInterceptor.java:184)
	at org.junit.jupiter.engine.descriptor.DynamicTestTestDescriptor.lambda$execute$1(DynamicTestTestDescriptor.java:61)
	at org.junit.jupiter.engine.execution.InvocationInterceptorChain$InterceptorCall.lambda$ofVoid$0(InvocationInterceptorChain.java:78)
	at org.junit.jupiter.engine.execution.InvocationInterceptorChain$InterceptedInvocation.proceed(InvocationInterceptorChain.java:106)
	at org.junit.jupiter.engine.execution.InvocationInterceptorChain.proceed(InvocationInterceptorChain.java:64)
	at org.junit.jupiter.engine.execution.InvocationInterceptorChain.chainAndInvoke(InvocationInterceptorChain.java:45)
	at org.junit.jupiter.engine.execution.InvocationInterceptorChain.invoke(InvocationInterceptorChain.java:37)
	at org.junit.jupiter.engine.descriptor.DynamicTestTestDescriptor.execute(DynamicTestTestDescriptor.java:60)
	at org.junit.jupiter.engine.descriptor.DynamicTestTestDescriptor.execute(DynamicTestTestDescriptor.java:32)
	at org.junit.platform.engine.support.hierarchical.NodeTestTask.lambda$executeRecursively$6(NodeTestTask.java:151)
	at org.junit.platform.engine.support.hierarchical.ThrowableCollector.execute(ThrowableCollector.java:73)
	at org.junit.platform.engine.support.hierarchical.NodeTestTask.lambda$executeRecursively$8(NodeTestTask.java:141)
	at org.junit.platform.engine.support.hierarchical.Node.around(Node.java:137)
	at org.junit.platform.engine.support.hierarchical.NodeTestTask.lambda$executeRecursively$9(NodeTestTask.java:139)
	at org.junit.platform.engine.support.hierarchical.ThrowableCollector.execute(ThrowableCollector.java:73)
	at org.junit.platform.engine.support.hierarchical.NodeTestTask.executeRecursively(NodeTestTask.java:138)
	at org.junit.platform.engine.support.hierarchical.NodeTestTask.execute(NodeTestTask.java:95)
	at org.junit.platform.engine.support.hierarchical.SameThreadHierarchicalTestExecutorService.submit(SameThreadHierarchicalTestExecutorService.java:35)
	at org.junit.platform.engine.support.hierarchical.NodeTestTask$DefaultDynamicTestExecutor.execute(NodeTestTask.java:226)
	at org.junit.platform.engine.support.hierarchical.NodeTestTask$DefaultDynamicTestExecutor.execute(NodeTestTask.java:204)
	at java.base/java.util.stream.ForEachOps$ForEachOp$OfRef.accept(ForEachOps.java:184)
	at java.base/java.util.stream.ReferencePipeline$3$1.accept(ReferencePipeline.java:197)
	at java.base/java.util.stream.ReferencePipeline$2$1.accept(ReferencePipeline.java:179)
	at java.base/java.util.stream.ReferencePipeline$3$1.accept(ReferencePipeline.java:197)
	at java.base/java.util.Iterator.forEachRemaining(Iterator.java:133)
	at java.base/java.util.Spliterators$IteratorSpliterator.forEachRemaining(Spliterators.java:1939)
	at java.base/java.util.stream.AbstractPipeline.copyInto(AbstractPipeline.java:509)
	at java.base/java.util.stream.AbstractPipeline.wrapAndCopyInto(AbstractPipeline.java:499)
	at java.base/java.util.stream.ForEachOps$ForEachOp.evaluateSequential(ForEachOps.java:151)
	at java.base/java.util.stream.ForEachOps$ForEachOp$OfRef.evaluateSequential(ForEachOps.java:174)
	at java.base/java.util.stream.AbstractPipeline.evaluate(AbstractPipeline.java:234)
	at java.base/java.util.stream.ReferencePipeline.forEachOrdered(ReferencePipeline.java:601)
	at org.junit.jupiter.engine.descriptor.DynamicContainerTestDescriptor.execute(DynamicContainerTestDescriptor.java:67)
	at org.junit.jupiter.engine.descriptor.DynamicContainerTestDescriptor.execute(DynamicContainerTestDescriptor.java:33)
	at org.junit.platform.engine.support.hierarchical.NodeTestTask.lambda$executeRecursively$6(NodeTestTask.java:151)
	at org.junit.platform.engine.support.hierarchical.ThrowableCollector.execute(ThrowableCollector.java:73)
	at org.junit.platform.engine.support.hierarchical.NodeTestTask.lambda$executeRecursively$8(NodeTestTask.java:141)
	at org.junit.platform.engine.support.hierarchical.Node.around(Node.java:137)
	at org.junit.platform.engine.support.hierarchical.NodeTestTask.lambda$executeRecursively$9(NodeTestTask.java:139)
	at org.junit.platform.engine.support.hierarchical.ThrowableCollector.execute(ThrowableCollector.java:73)
	at org.junit.platform.engine.support.hierarchical.NodeTestTask.executeRecursively(NodeTestTask.java:138)
	at org.junit.platform.engine.support.hierarchical.NodeTestTask.execute(NodeTestTask.java:95)
	at org.junit.platform.engine.support.hierarchical.SameThreadHierarchicalTestExecutorService.submit(SameThreadHierarchicalTestExecutorService.java:35)
	at org.junit.platform.engine.support.hierarchical.NodeTestTask$DefaultDynamicTestExecutor.execute(NodeTestTask.java:226)
	at org.junit.platform.engine.support.hierarchical.NodeTestTask$DefaultDynamicTestExecutor.execute(NodeTestTask.java:204)
	at java.base/java.util.Optional.ifPresent(Optional.java:178)
	at org.junit.jupiter.engine.descriptor.TestFactoryTestDescriptor.lambda$invokeTestMethod$1(TestFactoryTestDescriptor.java:108)
	at org.junit.platform.engine.support.hierarchical.ThrowableCollector.execute(ThrowableCollector.java:73)
	at org.junit.jupiter.engine.descriptor.TestFactoryTestDescriptor.invokeTestMethod(TestFactoryTestDescriptor.java:95)
	at org.junit.jupiter.engine.descriptor.TestMethodTestDescriptor.execute(TestMethodTestDescriptor.java:138)
	at org.junit.jupiter.engine.descriptor.TestMethodTestDescriptor.execute(TestMethodTestDescriptor.java:68)
	at org.junit.platform.engine.support.hierarchical.NodeTestTask.lambda$executeRecursively$6(NodeTestTask.java:151)
	at org.junit.platform.engine.support.hierarchical.ThrowableCollector.execute(ThrowableCollector.java:73)
	at org.junit.platform.engine.support.hierarchical.NodeTestTask.lambda$executeRecursively$8(NodeTestTask.java:141)
	at org.junit.platform.engine.support.hierarchical.Node.around(Node.java:137)
	at org.junit.platform.engine.support.hierarchical.NodeTestTask.lambda$executeRecursively$9(NodeTestTask.java:139)
	at org.junit.platform.engine.support.hierarchical.ThrowableCollector.execute(ThrowableCollector.java:73)
	at org.junit.platform.engine.support.hierarchical.NodeTestTask.executeRecursively(NodeTestTask.java:138)
	at org.junit.platform.engine.support.hierarchical.NodeTestTask.execute(NodeTestTask.java:95)
	at java.base/java.util.ArrayList.forEach(ArrayList.java:1596)
	at org.junit.platform.engine.support.hierarchical.SameThreadHierarchicalTestExecutorService.invokeAll(SameThreadHierarchicalTestExecutorService.java:41)
	at org.junit.platform.engine.support.hierarchical.NodeTestTask.lambda$executeRecursively$6(NodeTestTask.java:155)
	at org.junit.platform.engine.support.hierarchical.ThrowableCollector.execute(ThrowableCollector.java:73)
	at org.junit.platform.engine.support.hierarchical.NodeTestTask.lambda$executeRecursively$8(NodeTestTask.java:141)
	at org.junit.platform.engine.support.hierarchical.Node.around(Node.java:137)
	at org.junit.platform.engine.support.hierarchical.NodeTestTask.lambda$executeRecursively$9(NodeTestTask.java:139)
	at org.junit.platform.engine.support.hierarchical.ThrowableCollector.execute(ThrowableCollector.java:73)
	at org.junit.platform.engine.support.hierarchical.NodeTestTask.executeRecursively(NodeTestTask.java:138)
	at org.junit.platform.engine.support.hierarchical.NodeTestTask.execute(NodeTestTask.java:95)
	at java.base/java.util.ArrayList.forEach(ArrayList.java:1596)
	at org.junit.platform.engine.support.hierarchical.SameThreadHierarchicalTestExecutorService.invokeAll(SameThreadHierarchicalTestExecutorService.java:41)
	at org.junit.platform.engine.support.hierarchical.NodeTestTask.lambda$executeRecursively$6(NodeTestTask.java:155)
	at org.junit.platform.engine.support.hierarchical.ThrowableCollector.execute(ThrowableCollector.java:73)
	at org.junit.platform.engine.support.hierarchical.NodeTestTask.lambda$executeRecursively$8(NodeTestTask.java:141)
	at org.junit.platform.engine.support.hierarchical.Node.around(Node.java:137)
	at org.junit.platform.engine.support.hierarchical.NodeTestTask.lambda$executeRecursively$9(NodeTestTask.java:139)
	at org.junit.platform.engine.support.hierarchical.ThrowableCollector.execute(ThrowableCollector.java:73)
	at org.junit.platform.engine.support.hierarchical.NodeTestTask.executeRecursively(NodeTestTask.java:138)
	at org.junit.platform.engine.support.hierarchical.NodeTestTask.execute(NodeTestTask.java:95)
	at org.junit.platform.engine.support.hierarchical.SameThreadHierarchicalTestExecutorService.submit(SameThreadHierarchicalTestExecutorService.java:35)
	at org.junit.platform.engine.support.hierarchical.HierarchicalTestExecutor.execute(HierarchicalTestExecutor.java:57)
	at org.junit.platform.engine.support.hierarchical.HierarchicalTestEngine.execute(HierarchicalTestEngine.java:54)
	at org.junit.platform.launcher.core.EngineExecutionOrchestrator.execute(EngineExecutionOrchestrator.java:147)
	at org.junit.platform.launcher.core.EngineExecutionOrchestrator.execute(EngineExecutionOrchestrator.java:127)
	at org.junit.platform.launcher.core.EngineExecutionOrchestrator.execute(EngineExecutionOrchestrator.java:90)
	at org.junit.platform.launcher.core.EngineExecutionOrchestrator.lambda$execute$0(EngineExecutionOrchestrator.java:55)
	at org.junit.platform.launcher.core.EngineExecutionOrchestrator.withInterceptedStreams(EngineExecutionOrchestrator.java:102)
	at org.junit.platform.launcher.core.EngineExecutionOrchestrator.execute(EngineExecutionOrchestrator.java:54)
	at org.junit.platform.launcher.core.DefaultLauncher.execute(DefaultLauncher.java:114)
	at org.junit.platform.launcher.core.DefaultLauncher.execute(DefaultLauncher.java:86)
	at org.junit.platform.launcher.core.DefaultLauncherSession$DelegatingLauncher.execute(DefaultLauncherSession.java:86)
	at org.apache.maven.surefire.junitplatform.LazyLauncher.execute(LazyLauncher.java:50)
	at org.apache.maven.surefire.junitplatform.JUnitPlatformProvider.execute(JUnitPlatformProvider.java:184)
	at org.apache.maven.surefire.junitplatform.JUnitPlatformProvider.invokeAllTests(JUnitPlatformProvider.java:148)
	at org.apache.maven.surefire.junitplatform.JUnitPlatformProvider.invoke(JUnitPlatformProvider.java:122)
	at org.apache.maven.surefire.booter.ForkedBooter.runSuitesInProcess(ForkedBooter.java:385)
	at org.apache.maven.surefire.booter.ForkedBooter.execute(ForkedBooter.java:162)
	at org.apache.maven.surefire.booter.ForkedBooter.run(ForkedBooter.java:507)
	at org.apache.maven.surefire.booter.ForkedBooter.main(ForkedBooter.java:495)
]]></failure>
    <system-out><![CDATA[11:29:53.765 [main] DEBUG com.intuit.karate.Suite - [config] classpath:karate-config.js
11:29:55.518 [main] INFO  com.intuit.karate - karate.env system property was: null 
11:29:55.530 [main] INFO  com.intuit.karate - >> lock acquired, begin callSingle: classpath:Authentication/Authentication.feature
11:29:56.194 [main] DEBUG com.intuit.karate - request:
1 > POST https://dev-457931.okta.com/oauth2/aushd4c95QtFHsfWt4x6/v1/token
1 > Content-Type: application/x-www-form-urlencoded; charset=utf-8
1 > Content-Length: 120
1 > Host: dev-457931.okta.com
1 > Connection: Keep-Alive
1 > User-Agent: Apache-HttpClient/4.5.14 (Java/21.0.3)
1 > Accept-Encoding: gzip,deflate
scope=offline_access&grant_type=password&username=api-user4%40iwt.net&password=b3z0nV0cLO&client_id=0oahdhjkutaGcIK2M4x6

11:29:57.444 [main] DEBUG com.intuit.karate - response time in milliseconds: 1244
1 < 400
1 < Date: Wed, 18 Dec 2024 05:59:57 GMT
1 < Content-Type: application/json
1 < Transfer-Encoding: chunked
1 < Connection: keep-alive
1 < Server: nginx
1 < x-okta-request-id: 3a8aadc1b5ec3793adb684d3457ee8d2
1 < x-xss-protection: 0
1 < p3p: CP="HONK"
1 < set-cookie: sid="";Version=1;Path=/;Max-Age=0
1 < set-cookie: xids="";Version=1;Path=/;Max-Age=0
1 < set-cookie: autolaunch_triggered=""; Expires=Thu, 01 Jan 1970 00:00:10 GMT; Path=/
1 < set-cookie: activate_ca_modal_triggered=""; Expires=Thu, 01 Jan 1970 00:00:10 GMT; Path=/
1 < set-cookie: JSESSIONID=646616C3F42667D29D4ACE8F9BF0F997; Path=/; Secure; HttpOnly
1 < content-security-policy: default-src 'self' dev-457931.okta.com *.oktacdn.com; connect-src 'self' dev-457931.okta.com dev-457931-admin.okta.com *.oktacdn.com *.mixpanel.com *.mapbox.com *.mtls.okta.com https://oinmanager.okta.com data: *.ingest.sentry.io data.pendo.io pendo-static-5634101834153984.storage.googleapis.com pendo-static-5391521872216064.storage.googleapis.com; script-src 'unsafe-inline' 'unsafe-eval' 'self' 'report-sample' dev-457931.okta.com *.oktacdn.com; style-src 'unsafe-inline' 'self' dev-457931.okta.com *.oktacdn.com; frame-src 'self' dev-457931.okta.com dev-457931-admin.okta.com login.okta.com *.vidyard.com; img-src 'self' dev-457931.okta.com *.oktacdn.com *.tiles.mapbox.com *.mapbox.com *.vidyard.com data: data.pendo.io pendo-static-5634101834153984.storage.googleapis.com pendo-static-5391521872216064.storage.googleapis.com blob:; font-src 'self' dev-457931.okta.com data: *.oktacdn.com fonts.gstatic.com; frame-ancestors 'self'
1 < x-rate-limit-limit: 2000
1 < x-rate-limit-remaining: 1998
1 < x-rate-limit-reset: 1734501623
1 < cache-control: no-cache, no-store
1 < pragma: no-cache
1 < expires: 0
1 < referrer-policy: strict-origin-when-cross-origin
1 < accept-ch: Sec-CH-UA-Platform-Version
1 < x-content-type-options: nosniff
1 < Strict-Transport-Security: max-age=315360000; includeSubDomains
1 < Set-Cookie: sid="";Version=1;Path=/;Max-Age=0
1 < Set-Cookie: xids="";Version=1;Path=/;Max-Age=0
1 < Set-Cookie: autolaunch_triggered=""; Expires=Thu, 01 Jan 1970 00:00:10 GMT; Path=/
1 < Set-Cookie: activate_ca_modal_triggered=""; Expires=Thu, 01 Jan 1970 00:00:10 GMT; Path=/
1 < Set-Cookie: JSESSIONID=646616C3F42667D29D4ACE8F9BF0F997; Path=/; Secure; HttpOnly
{"error":"invalid_grant","error_description":"The credentials provided were invalid."}

11:29:57.463 [main] ERROR com.intuit.karate - classpath:Authentication/Authentication.feature:13
Then status 200
status code was: 400, expected: 200, response time in milliseconds: 1244, url: https://dev-457931.okta.com/oauth2/aushd4c95QtFHsfWt4x6/v1/token, response: 
{"error":"invalid_grant","error_description":"The credentials provided were invalid."}
classpath:Authentication/Authentication.feature:13
11:29:57.469 [main] WARN  com.intuit.karate - callSingle() will cache an exception
11:29:57.469 [main] INFO  com.intuit.karate - << lock released, cached callSingle: classpath:Authentication/Authentication.feature
11:29:57.469 [main] WARN  com.intuit.karate - callSingle() cached result is an exception
11:29:57.485 [main] ERROR com.intuit.karate - classpath:Apis/airlines/Airlines_Get.feature:13
Given url secureBaseURL
>> classpath:Apis/airlines/Airlines_Get.feature:12
>> karate-config.js failed
>> status code was: 400, expected: 200, response time in milliseconds: 1244, url: https://dev-457931.okta.com/oauth2/aushd4c95QtFHsfWt4x6/v1/token, response: 
{"error":"invalid_grant","error_description":"The credentials provided were invalid."}
classpath:Authentication/Authentication.feature:13
js failed:
>>>>
01: function fn() {
02: 	var env = karate.env; // get system property 'karate.env'
03: 	karate.log('karate.env system property was:', env);
04: 	if (!env) {
05: 		env = 'dev';
06: 	}
07: 	var config = {
08: 		env: env,
09: 		
10: 		AUTHURI: 'https://dev-457931.okta.com/oauth2/aushd4c95QtFHsfWt4x6/v1/token',
11: 		nonSecureBaseURL: 'https://api.instantwebtools.net/v1',
12: 		secureBaseURL: 'https://api.instantwebtools.net/v2',
13: 		SCOPE: 'offline_access',
14: 		GRANT_TYPE: 'password',
15: 		USER_NAME: 'api-user4@iwt.net',
16: 		PASSWORD: 'b3z0nV0cLO',
17: 		CLIENT_ID: '0oahdhjkutaGcIK2M4x6',
18: 	}
19: 
20: 	var result = karate.callSingle('classpath:Authentication/Authentication.feature',config);
21: 	
22: 	
23: 	config.authInfo = { 
24: 		authTime: result.time, authToken: result.access_token 
25: 	};   
26: 	  
27: 	console.log(config.authInfo.authToken);
28: 	karate.log(config.authInfo.authToken);
29: 	if (env == 'dev') {
30: 	} else if (env == 'production') {
31: 		
32: 	}
33: 	return config;
34: }
<<<<
org.graalvm.polyglot.PolyglotException: status code was: 400, expected: 200, response time in milliseconds: 1244, url: https://dev-457931.okta.com/oauth2/aushd4c95QtFHsfWt4x6/v1/token, response: 
{"error":"invalid_grant","error_description":"The credentials provided were invalid."}
classpath:Authentication/Authentication.feature:13
- com.intuit.karate.core.ScenarioBridge.callSingle(ScenarioBridge.java:241)
- <js>.fn(Unnamed:20)

classpath:Apis/airlines/Airlines_Get.feature:13
11:29:57.485 [main] ERROR com.intuit.karate - classpath:Apis/airlines/Airlines_Get.feature:14
And header Authorization = 'Bearer '+authInfo.authToken
>> classpath:Apis/airlines/Airlines_Get.feature:12
>> karate-config.js failed
>> status code was: 400, expected: 200, response time in milliseconds: 1244, url: https://dev-457931.okta.com/oauth2/aushd4c95QtFHsfWt4x6/v1/token, response: 
{"error":"invalid_grant","error_description":"The credentials provided were invalid."}
classpath:Authentication/Authentication.feature:13
js failed:
>>>>
01: function fn() {
02: 	var env = karate.env; // get system property 'karate.env'
03: 	karate.log('karate.env system property was:', env);
04: 	if (!env) {
05: 		env = 'dev';
06: 	}
07: 	var config = {
08: 		env: env,
09: 		
10: 		AUTHURI: 'https://dev-457931.okta.com/oauth2/aushd4c95QtFHsfWt4x6/v1/token',
11: 		nonSecureBaseURL: 'https://api.instantwebtools.net/v1',
12: 		secureBaseURL: 'https://api.instantwebtools.net/v2',
13: 		SCOPE: 'offline_access',
14: 		GRANT_TYPE: 'password',
15: 		USER_NAME: 'api-user4@iwt.net',
16: 		PASSWORD: 'b3z0nV0cLO',
17: 		CLIENT_ID: '0oahdhjkutaGcIK2M4x6',
18: 	}
19: 
20: 	var result = karate.callSingle('classpath:Authentication/Authentication.feature',config);
21: 	
22: 	
23: 	config.authInfo = { 
24: 		authTime: result.time, authToken: result.access_token 
25: 	};   
26: 	  
27: 	console.log(config.authInfo.authToken);
28: 	karate.log(config.authInfo.authToken);
29: 	if (env == 'dev') {
30: 	} else if (env == 'production') {
31: 		
32: 	}
33: 	return config;
34: }
<<<<
org.graalvm.polyglot.PolyglotException: status code was: 400, expected: 200, response time in milliseconds: 1244, url: https://dev-457931.okta.com/oauth2/aushd4c95QtFHsfWt4x6/v1/token, response: 
{"error":"invalid_grant","error_description":"The credentials provided were invalid."}
classpath:Authentication/Authentication.feature:13
- com.intuit.karate.core.ScenarioBridge.callSingle(ScenarioBridge.java:241)
- <js>.fn(Unnamed:20)

classpath:Apis/airlines/Airlines_Get.feature:13
classpath:Apis/airlines/Airlines_Get.feature:14
11:29:57.486 [main] ERROR com.intuit.karate - classpath:Apis/airlines/Airlines_Get.feature:15
And path 'airlines/73dd5420-3bf9-48f3-a0b6-17cf7aa61b19'
>> classpath:Apis/airlines/Airlines_Get.feature:12
>> karate-config.js failed
>> status code was: 400, expected: 200, response time in milliseconds: 1244, url: https://dev-457931.okta.com/oauth2/aushd4c95QtFHsfWt4x6/v1/token, response: 
{"error":"invalid_grant","error_description":"The credentials provided were invalid."}
classpath:Authentication/Authentication.feature:13
js failed:
>>>>
01: function fn() {
02: 	var env = karate.env; // get system property 'karate.env'
03: 	karate.log('karate.env system property was:', env);
04: 	if (!env) {
05: 		env = 'dev';
06: 	}
07: 	var config = {
08: 		env: env,
09: 		
10: 		AUTHURI: 'https://dev-457931.okta.com/oauth2/aushd4c95QtFHsfWt4x6/v1/token',
11: 		nonSecureBaseURL: 'https://api.instantwebtools.net/v1',
12: 		secureBaseURL: 'https://api.instantwebtools.net/v2',
13: 		SCOPE: 'offline_access',
14: 		GRANT_TYPE: 'password',
15: 		USER_NAME: 'api-user4@iwt.net',
16: 		PASSWORD: 'b3z0nV0cLO',
17: 		CLIENT_ID: '0oahdhjkutaGcIK2M4x6',
18: 	}
19: 
20: 	var result = karate.callSingle('classpath:Authentication/Authentication.feature',config);
21: 	
22: 	
23: 	config.authInfo = { 
24: 		authTime: result.time, authToken: result.access_token 
25: 	};   
26: 	  
27: 	console.log(config.authInfo.authToken);
28: 	karate.log(config.authInfo.authToken);
29: 	if (env == 'dev') {
30: 	} else if (env == 'production') {
31: 		
32: 	}
33: 	return config;
34: }
<<<<
org.graalvm.polyglot.PolyglotException: status code was: 400, expected: 200, response time in milliseconds: 1244, url: https://dev-457931.okta.com/oauth2/aushd4c95QtFHsfWt4x6/v1/token, response: 
{"error":"invalid_grant","error_description":"The credentials provided were invalid."}
classpath:Authentication/Authentication.feature:13
- com.intuit.karate.core.ScenarioBridge.callSingle(ScenarioBridge.java:241)
- <js>.fn(Unnamed:20)

classpath:Apis/airlines/Airlines_Get.feature:13
classpath:Apis/airlines/Airlines_Get.feature:14
classpath:Apis/airlines/Airlines_Get.feature:15
11:29:57.487 [main] ERROR com.intuit.karate - classpath:Apis/airlines/Airlines_Get.feature:16
When method GET
>> classpath:Apis/airlines/Airlines_Get.feature:12
>> karate-config.js failed
>> status code was: 400, expected: 200, response time in milliseconds: 1244, url: https://dev-457931.okta.com/oauth2/aushd4c95QtFHsfWt4x6/v1/token, response: 
{"error":"invalid_grant","error_description":"The credentials provided were invalid."}
classpath:Authentication/Authentication.feature:13
js failed:
>>>>
01: function fn() {
02: 	var env = karate.env; // get system property 'karate.env'
03: 	karate.log('karate.env system property was:', env);
04: 	if (!env) {
05: 		env = 'dev';
06: 	}
07: 	var config = {
08: 		env: env,
09: 		
10: 		AUTHURI: 'https://dev-457931.okta.com/oauth2/aushd4c95QtFHsfWt4x6/v1/token',
11: 		nonSecureBaseURL: 'https://api.instantwebtools.net/v1',
12: 		secureBaseURL: 'https://api.instantwebtools.net/v2',
13: 		SCOPE: 'offline_access',
14: 		GRANT_TYPE: 'password',
15: 		USER_NAME: 'api-user4@iwt.net',
16: 		PASSWORD: 'b3z0nV0cLO',
17: 		CLIENT_ID: '0oahdhjkutaGcIK2M4x6',
18: 	}
19: 
20: 	var result = karate.callSingle('classpath:Authentication/Authentication.feature',config);
21: 	
22: 	
23: 	config.authInfo = { 
24: 		authTime: result.time, authToken: result.access_token 
25: 	};   
26: 	  
27: 	console.log(config.authInfo.authToken);
28: 	karate.log(config.authInfo.authToken);
29: 	if (env == 'dev') {
30: 	} else if (env == 'production') {
31: 		
32: 	}
33: 	return config;
34: }
<<<<
org.graalvm.polyglot.PolyglotException: status code was: 400, expected: 200, response time in milliseconds: 1244, url: https://dev-457931.okta.com/oauth2/aushd4c95QtFHsfWt4x6/v1/token, response: 
{"error":"invalid_grant","error_description":"The credentials provided were invalid."}
classpath:Authentication/Authentication.feature:13
- com.intuit.karate.core.ScenarioBridge.callSingle(ScenarioBridge.java:241)
- <js>.fn(Unnamed:20)

classpath:Apis/airlines/Airlines_Get.feature:13
classpath:Apis/airlines/Airlines_Get.feature:14
classpath:Apis/airlines/Airlines_Get.feature:15
classpath:Apis/airlines/Airlines_Get.feature:16
11:29:57.487 [main] ERROR com.intuit.karate - classpath:Apis/airlines/Airlines_Get.feature:17
Then status 200
>> classpath:Apis/airlines/Airlines_Get.feature:12
>> karate-config.js failed
>> status code was: 400, expected: 200, response time in milliseconds: 1244, url: https://dev-457931.okta.com/oauth2/aushd4c95QtFHsfWt4x6/v1/token, response: 
{"error":"invalid_grant","error_description":"The credentials provided were invalid."}
classpath:Authentication/Authentication.feature:13
js failed:
>>>>
01: function fn() {
02: 	var env = karate.env; // get system property 'karate.env'
03: 	karate.log('karate.env system property was:', env);
04: 	if (!env) {
05: 		env = 'dev';
06: 	}
07: 	var config = {
08: 		env: env,
09: 		
10: 		AUTHURI: 'https://dev-457931.okta.com/oauth2/aushd4c95QtFHsfWt4x6/v1/token',
11: 		nonSecureBaseURL: 'https://api.instantwebtools.net/v1',
12: 		secureBaseURL: 'https://api.instantwebtools.net/v2',
13: 		SCOPE: 'offline_access',
14: 		GRANT_TYPE: 'password',
15: 		USER_NAME: 'api-user4@iwt.net',
16: 		PASSWORD: 'b3z0nV0cLO',
17: 		CLIENT_ID: '0oahdhjkutaGcIK2M4x6',
18: 	}
19: 
20: 	var result = karate.callSingle('classpath:Authentication/Authentication.feature',config);
21: 	
22: 	
23: 	config.authInfo = { 
24: 		authTime: result.time, authToken: result.access_token 
25: 	};   
26: 	  
27: 	console.log(config.authInfo.authToken);
28: 	karate.log(config.authInfo.authToken);
29: 	if (env == 'dev') {
30: 	} else if (env == 'production') {
31: 		
32: 	}
33: 	return config;
34: }
<<<<
org.graalvm.polyglot.PolyglotException: status code was: 400, expected: 200, response time in milliseconds: 1244, url: https://dev-457931.okta.com/oauth2/aushd4c95QtFHsfWt4x6/v1/token, response: 
{"error":"invalid_grant","error_description":"The credentials provided were invalid."}
classpath:Authentication/Authentication.feature:13
- com.intuit.karate.core.ScenarioBridge.callSingle(ScenarioBridge.java:241)
- <js>.fn(Unnamed:20)

classpath:Apis/airlines/Airlines_Get.feature:13
classpath:Apis/airlines/Airlines_Get.feature:14
classpath:Apis/airlines/Airlines_Get.feature:15
classpath:Apis/airlines/Airlines_Get.feature:16
classpath:Apis/airlines/Airlines_Get.feature:17
11:29:57.488 [main] ERROR com.intuit.karate - classpath:Apis/airlines/Airlines_Get.feature:23
And match response.name contains "Ame"
>> classpath:Apis/airlines/Airlines_Get.feature:12
>> karate-config.js failed
>> status code was: 400, expected: 200, response time in milliseconds: 1244, url: https://dev-457931.okta.com/oauth2/aushd4c95QtFHsfWt4x6/v1/token, response: 
{"error":"invalid_grant","error_description":"The credentials provided were invalid."}
classpath:Authentication/Authentication.feature:13
js failed:
>>>>
01: function fn() {
02: 	var env = karate.env; // get system property 'karate.env'
03: 	karate.log('karate.env system property was:', env);
04: 	if (!env) {
05: 		env = 'dev';
06: 	}
07: 	var config = {
08: 		env: env,
09: 		
10: 		AUTHURI: 'https://dev-457931.okta.com/oauth2/aushd4c95QtFHsfWt4x6/v1/token',
11: 		nonSecureBaseURL: 'https://api.instantwebtools.net/v1',
12: 		secureBaseURL: 'https://api.instantwebtools.net/v2',
13: 		SCOPE: 'offline_access',
14: 		GRANT_TYPE: 'password',
15: 		USER_NAME: 'api-user4@iwt.net',
16: 		PASSWORD: 'b3z0nV0cLO',
17: 		CLIENT_ID: '0oahdhjkutaGcIK2M4x6',
18: 	}
19: 
20: 	var result = karate.callSingle('classpath:Authentication/Authentication.feature',config);
21: 	
22: 	
23: 	config.authInfo = { 
24: 		authTime: result.time, authToken: result.access_token 
25: 	};   
26: 	  
27: 	console.log(config.authInfo.authToken);
28: 	karate.log(config.authInfo.authToken);
29: 	if (env == 'dev') {
30: 	} else if (env == 'production') {
31: 		
32: 	}
33: 	return config;
34: }
<<<<
org.graalvm.polyglot.PolyglotException: status code was: 400, expected: 200, response time in milliseconds: 1244, url: https://dev-457931.okta.com/oauth2/aushd4c95QtFHsfWt4x6/v1/token, response: 
{"error":"invalid_grant","error_description":"The credentials provided were invalid."}
classpath:Authentication/Authentication.feature:13
- com.intuit.karate.core.ScenarioBridge.callSingle(ScenarioBridge.java:241)
- <js>.fn(Unnamed:20)

classpath:Apis/airlines/Airlines_Get.feature:13
classpath:Apis/airlines/Airlines_Get.feature:14
classpath:Apis/airlines/Airlines_Get.feature:15
classpath:Apis/airlines/Airlines_Get.feature:16
classpath:Apis/airlines/Airlines_Get.feature:17
classpath:Apis/airlines/Airlines_Get.feature:23
---------------------------------------------------------
feature: classpath:Apis/airlines/Airlines_Get.feature
scenarios:  1 | passed:  0 | failed:  1 | time: 0.0000
---------------------------------------------------------

]]></system-out>
  </testcase>
</testsuite>